<?xml version="1.0" encoding="UTF-8"?>
<!-- Generated by org.testng.reporters.JUnitXMLReporter -->
<testsuite hostname="MEGHASHYAM-PC" name="DataDriven test" tests="2" failures="0" timestamp="20 Feb 2018 04:58:18 GMT" time="42.673" errors="0">
  <testcase name="Register" time="10.681" classname="com.DataDriven.NewUserRegistaration_MultipleTestData"/>
  <testcase name="UserRegistration" time="17.046" classname="com.DataDriven.NewUserRegistaration_MultipleTestData"/>
</testsuite> <!-- DataDriven test -->
